#-----------------------------------------------------------
# Vivado v2017.4 (64-bit)
# SW Build 2086221 on Fri Dec 15 20:55:39 MST 2017
# IP Build 2085800 on Fri Dec 15 22:25:07 MST 2017
# Start of session at: Tue Jun  1 10:06:25 2021
# Process ID: 7832
# Current directory: C:/Computer_Organization/lab05_04/pipeline_stall/VGA
# Command line: vivado.exe -gui_launcher_event rodinguilauncherevent4404 C:\Computer_Organization\lab05_04\pipeline_stall\VGA\VGA.xpr
# Log file: C:/Computer_Organization/lab05_04/pipeline_stall/VGA/vivado.log
# Journal file: C:/Computer_Organization/lab05_04/pipeline_stall/VGA\vivado.jou
#-----------------------------------------------------------
start_gui
open_project C:/Computer_Organization/lab05_04/pipeline_stall/VGA/VGA.xpr
Scanning sources...
Finished scanning sources
INFO: [IP_Flow 19-234] Refreshing IP repositories
INFO: [IP_Flow 19-1700] Loaded user IP repository 'c:/Computer_Organization/lab05_04/pipeline_stall/VGA/VGA.srcs/sources_1'.
INFO: [IP_Flow 19-2313] Loaded Vivado IP repository 'C:/Xilinx/Vivado/2017.4/data/ip'.
CRITICAL WARNING: [IP_Flow 19-1663] Duplicate IP found for 'xilinx.com:user:VGA:1.0'. The one found in IP location 'c:/Computer_Organization/lab05_04/pipeline_stall/VGA/VGA.srcs/sources_1' will take precedence over the same IP in location c:/Computer_Organization/lab05_04/pipeline_stall/VGA/VGA.srcs/sources_1/imports/Framework
open_project: Time (s): cpu = 00:00:12 ; elapsed = 00:00:09 . Memory (MB): peak = 718.125 ; gain = 79.203
update_compile_order -fileset sources_1
exit
INFO: [Common 17-206] Exiting Vivado at Tue Jun  1 10:44:45 2021...
